#! /c/Source/iverilog-install/bin/vvp
:ivl_version "12.0 (devel)" "(s20150603-1539-g2693dd32b)";
:ivl_delay_selection "TYPICAL";
:vpi_time_precision + 0;
:vpi_module "D:\APPPPPPPPPPPPPPPS\iverilog\iverilog\lib\ivl\system.vpi";
:vpi_module "D:\APPPPPPPPPPPPPPPS\iverilog\iverilog\lib\ivl\vhdl_sys.vpi";
:vpi_module "D:\APPPPPPPPPPPPPPPS\iverilog\iverilog\lib\ivl\vhdl_textio.vpi";
:vpi_module "D:\APPPPPPPPPPPPPPPS\iverilog\iverilog\lib\ivl\v2005_math.vpi";
:vpi_module "D:\APPPPPPPPPPPPPPPS\iverilog\iverilog\lib\ivl\va_math.vpi";
:vpi_module "D:\APPPPPPPPPPPPPPPS\iverilog\iverilog\lib\ivl\v2009.vpi";
S_000001df10a86680 .scope package, "$unit" "$unit" 2 1;
 .timescale 0 0;
S_000001df10a86810 .scope module, "source_activate" "source_activate" 3 1;
 .timescale 0 0;
    .port_info 0 /INPUT 1 "ALU0_result_vld";
    .port_info 1 /INPUT 1 "ALU1_result_vld";
    .port_info 2 /INPUT 1 "AGU_result_vld";
    .port_info 3 /INPUT 1 "BRU_result_vld";
    .port_info 4 /INPUT 6 "ALU0_result_PR";
    .port_info 5 /INPUT 6 "ALU1_result_PR";
    .port_info 6 /INPUT 6 "AGU_result_PR";
    .port_info 7 /INPUT 6 "BRU_result_PR";
    .port_info 8 /OUTPUT 6 "ALU0_dest";
    .port_info 9 /OUTPUT 6 "ALU1_dest";
    .port_info 10 /OUTPUT 6 "AGU_dest";
    .port_info 11 /OUTPUT 6 "BRU_dest";
v000001df10a869a0_0 .net "AGU_dest", 5 0, L_000001df10c58ec0;  1 drivers
o000001df10c16fc8 .functor BUFZ 6, C4<zzzzzz>; HiZ drive
v000001df10a86a40_0 .net "AGU_result_PR", 5 0, o000001df10c16fc8;  0 drivers
o000001df10c16ff8 .functor BUFZ 1, C4<z>; HiZ drive
v000001df10a8bc10_0 .net "AGU_result_vld", 0 0, o000001df10c16ff8;  0 drivers
v000001df10a8bcb0_0 .net "ALU0_dest", 5 0, L_000001df10c58a60;  1 drivers
o000001df10c17058 .functor BUFZ 6, C4<zzzzzz>; HiZ drive
v000001df10a8bd50_0 .net "ALU0_result_PR", 5 0, o000001df10c17058;  0 drivers
o000001df10c17088 .functor BUFZ 1, C4<z>; HiZ drive
v000001df10a8bdf0_0 .net "ALU0_result_vld", 0 0, o000001df10c17088;  0 drivers
v000001df10a8be90_0 .net "ALU1_dest", 5 0, L_000001df10c58920;  1 drivers
o000001df10c170e8 .functor BUFZ 6, C4<zzzzzz>; HiZ drive
v000001df10c13ec0_0 .net "ALU1_result_PR", 5 0, o000001df10c170e8;  0 drivers
o000001df10c17118 .functor BUFZ 1, C4<z>; HiZ drive
v000001df10c13f60_0 .net "ALU1_result_vld", 0 0, o000001df10c17118;  0 drivers
v000001df10c58880_0 .net "BRU_dest", 5 0, L_000001df10c58f60;  1 drivers
o000001df10c17178 .functor BUFZ 6, C4<zzzzzz>; HiZ drive
v000001df10c58d80_0 .net "BRU_result_PR", 5 0, o000001df10c17178;  0 drivers
o000001df10c171a8 .functor BUFZ 1, C4<z>; HiZ drive
v000001df10c58e20_0 .net "BRU_result_vld", 0 0, o000001df10c171a8;  0 drivers
L_000001df10c59028 .functor BUFT 1, C4<000000>, C4<0>, C4<0>, C4<0>;
v000001df10c58b00_0 .net/2u *"_ivl_0", 5 0, L_000001df10c59028;  1 drivers
L_000001df10c59100 .functor BUFT 1, C4<000000>, C4<0>, C4<0>, C4<0>;
v000001df10c58ce0_0 .net/2u *"_ivl_12", 5 0, L_000001df10c59100;  1 drivers
L_000001df10c59070 .functor BUFT 1, C4<000000>, C4<0>, C4<0>, C4<0>;
v000001df10c589c0_0 .net/2u *"_ivl_4", 5 0, L_000001df10c59070;  1 drivers
L_000001df10c590b8 .functor BUFT 1, C4<000000>, C4<0>, C4<0>, C4<0>;
v000001df10c58420_0 .net/2u *"_ivl_8", 5 0, L_000001df10c590b8;  1 drivers
L_000001df10c58a60 .functor MUXZ 6, L_000001df10c59028, o000001df10c17058, o000001df10c17088, C4<>;
L_000001df10c58920 .functor MUXZ 6, L_000001df10c59070, o000001df10c170e8, o000001df10c17118, C4<>;
L_000001df10c58ec0 .functor MUXZ 6, L_000001df10c590b8, o000001df10c16fc8, o000001df10c16ff8, C4<>;
L_000001df10c58f60 .functor MUXZ 6, L_000001df10c59100, o000001df10c17178, o000001df10c171a8, C4<>;
# The file index is used to find the file name in the following table.
:file_names 4;
    "N/A";
    "<interactive>";
    "-";
    ".\source_activate.v";
